2023.01.01 20:55:28 INFO  tracing is disabled for protocol LSP, to enable tracing of incoming and outgoing JSON messages create an empty file at /Applications/MAMP/htdocs/Bodo/.metals/lsp.trace.json or /Users/abdullah/Library/Caches/org.scalameta.metals/lsp.trace.json
2023.01.01 20:55:29 INFO  logging to file /Applications/MAMP/htdocs/Bodo/.metals/metals.log
2023.01.01 20:55:29 INFO  Started: Metals version 0.11.9 in workspace '/Applications/MAMP/htdocs/Bodo' for client Visual Studio Code 1.74.2.
2023.01.01 20:55:34 INFO  time: initialize in 4.86s
2023.01.01 20:55:39 WARN  Build server is not auto-connectable.
2023.01.01 20:55:39 WARN  no build tool detected in workspace '/Applications/MAMP/htdocs/Bodo'. The most common cause for this problem is that the editor was opened in the wrong working directory, for example if you use sbt then the workspace directory should contain build.sbt. 
2023.01.01 20:55:39 WARN  no build target for: /Users/abdullah/Desktop/DH.java
2023.01.01 20:55:41 INFO  time: code lens generation in 2.04s
2023.01.01 20:55:41 WARN  no build target for: /Users/abdullah/Desktop/DH.java
Jan 01, 2023 8:55:41 PM org.eclipse.lsp4j.jsonrpc.RemoteEndpoint handleCancellation
WARNING: Unmatched cancel notification for request id 6
2023.01.01 20:55:41 WARN  no build target for: /Users/abdullah/Desktop/DH.java
2023.01.01 20:55:41 WARN  no build target for: /Users/abdullah/Desktop/DH.java
2023.01.01 20:55:42 WARN  no build target for: /Users/abdullah/Desktop/DH.java
2023.01.01 20:55:41 WARN  no build target for: /Users/abdullah/Desktop/DH.java
2023.01.01 20:57:43 WARN  no build target for: /Users/abdullah/Desktop/DH.java
Jan 01, 2023 8:57:43 PM org.eclipse.lsp4j.jsonrpc.RemoteEndpoint handleCancellation
WARNING: Unmatched cancel notification for request id 28
2023.01.01 20:57:43 WARN  no build target for: /Users/abdullah/Desktop/DH.java
2023.01.01 20:57:45 INFO  time: code lens generation in 1.03s
2023.01.01 20:58:06 WARN  no build target for: /Users/abdullah/Desktop/DH.java
2023.01.01 20:58:10 WARN  no build target for: /Users/abdullah/Desktop/DH.java
2023.01.01 20:58:25 WARN  no build target for: /Users/abdullah/Desktop/DH.java
2023.01.01 21:00:55 WARN  no build target for: /Users/abdullah/Desktop/DH.java
2023.01.01 21:02:31 ERROR text document: file:///Users/abdullah/Desktop/DH.javajava.nio.file.NoSuchFileException: /Users/abdullah/Desktop/DH.java
	at sun.nio.fs.UnixException.translateToIOException(UnixException.java:92)
	at sun.nio.fs.UnixException.rethrowAsIOException(UnixException.java:106)
	at sun.nio.fs.UnixException.rethrowAsIOException(UnixException.java:111)
	at sun.nio.fs.UnixFileSystemProvider.newByteChannel(UnixFileSystemProvider.java:219)
	at java.nio.file.Files.newByteChannel(Files.java:380)
	at java.nio.file.Files.newByteChannel(Files.java:432)
	at java.nio.file.Files.readAllBytes(Files.java:3288)
	at scala.meta.internal.io.PlatformFileIO$.slurp(PlatformFileIO.scala:45)
	at scala.meta.internal.io.FileIO$.slurp(FileIO.scala:24)
	at scala.meta.internal.metals.InteractiveSemanticdbs.$anonfun$textDocument$2(InteractiveSemanticdbs.scala:90)
	at scala.Option.getOrElse(Option.scala:201)
	at scala.meta.internal.metals.InteractiveSemanticdbs.$anonfun$textDocument$1(InteractiveSemanticdbs.scala:90)
	at java.util.HashMap.compute(HashMap.java:1315)
	at java.util.Collections$SynchronizedMap.compute(Collections.java:2770)
	at scala.meta.internal.metals.InteractiveSemanticdbs.textDocument(InteractiveSemanticdbs.scala:89)
	at scala.meta.internal.metals.InteractiveSemanticdbs.textDocument(InteractiveSemanticdbs.scala:63)
	at scala.meta.internal.metals.AggregateSemanticdbs.loop$1(AggregateSemanticdbs.scala:30)
	at scala.meta.internal.metals.AggregateSemanticdbs.textDocument(AggregateSemanticdbs.scala:36)
	at scala.meta.internal.metals.CodeLensProvider.findLenses(CodeLensProvider.scala:22)
	at scala.meta.internal.metals.MetalsLanguageServer.$anonfun$codeLens$2(MetalsLanguageServer.scala:1744)
	at scala.meta.internal.metals.TimerProvider.timedThunk(TimerProvider.scala:25)
	at scala.meta.internal.metals.MetalsLanguageServer.$anonfun$codeLens$1(MetalsLanguageServer.scala:1742)
	at scala.meta.internal.metals.CancelTokens$.$anonfun$apply$2(CancelTokens.scala:26)
	at scala.concurrent.Future$.$anonfun$apply$1(Future.scala:678)
	at scala.concurrent.impl.Promise$Transformation.run(Promise.scala:467)
	at java.util.concurrent.ThreadPoolExecutor.runWorker(ThreadPoolExecutor.java:1136)
	at java.util.concurrent.ThreadPoolExecutor$Worker.run(ThreadPoolExecutor.java:635)
	at java.lang.Thread.run(Thread.java:833)

2023.01.01 21:02:34 ERROR text document: file:///Users/abdullah/Desktop/DH.javajava.nio.file.NoSuchFileException: /Users/abdullah/Desktop/DH.java
	at sun.nio.fs.UnixException.translateToIOException(UnixException.java:92)
	at sun.nio.fs.UnixException.rethrowAsIOException(UnixException.java:106)
	at sun.nio.fs.UnixException.rethrowAsIOException(UnixException.java:111)
	at sun.nio.fs.UnixFileSystemProvider.newByteChannel(UnixFileSystemProvider.java:219)
	at java.nio.file.Files.newByteChannel(Files.java:380)
	at java.nio.file.Files.newByteChannel(Files.java:432)
	at java.nio.file.Files.readAllBytes(Files.java:3288)
	at scala.meta.internal.io.PlatformFileIO$.slurp(PlatformFileIO.scala:45)
	at scala.meta.internal.io.FileIO$.slurp(FileIO.scala:24)
	at scala.meta.internal.metals.InteractiveSemanticdbs.$anonfun$textDocument$2(InteractiveSemanticdbs.scala:90)
	at scala.Option.getOrElse(Option.scala:201)
	at scala.meta.internal.metals.InteractiveSemanticdbs.$anonfun$textDocument$1(InteractiveSemanticdbs.scala:90)
	at java.util.HashMap.compute(HashMap.java:1315)
	at java.util.Collections$SynchronizedMap.compute(Collections.java:2770)
	at scala.meta.internal.metals.InteractiveSemanticdbs.textDocument(InteractiveSemanticdbs.scala:89)
	at scala.meta.internal.metals.InteractiveSemanticdbs.textDocument(InteractiveSemanticdbs.scala:63)
	at scala.meta.internal.metals.AggregateSemanticdbs.loop$1(AggregateSemanticdbs.scala:30)
	at scala.meta.internal.metals.AggregateSemanticdbs.textDocument(AggregateSemanticdbs.scala:36)
	at scala.meta.internal.metals.CodeLensProvider.findLenses(CodeLensProvider.scala:22)
	at scala.meta.internal.metals.MetalsLanguageServer.$anonfun$codeLens$2(MetalsLanguageServer.scala:1744)
	at scala.meta.internal.metals.TimerProvider.timedThunk(TimerProvider.scala:25)
	at scala.meta.internal.metals.MetalsLanguageServer.$anonfun$codeLens$1(MetalsLanguageServer.scala:1742)
	at scala.meta.internal.metals.CancelTokens$.$anonfun$apply$2(CancelTokens.scala:26)
	at scala.concurrent.Future$.$anonfun$apply$1(Future.scala:678)
	at scala.concurrent.impl.Promise$Transformation.run(Promise.scala:467)
	at java.util.concurrent.ThreadPoolExecutor.runWorker(ThreadPoolExecutor.java:1136)
	at java.util.concurrent.ThreadPoolExecutor$Worker.run(ThreadPoolExecutor.java:635)
	at java.lang.Thread.run(Thread.java:833)

2023.01.01 21:02:34 WARN  no build target for: /Users/abdullah/Desktop/DH.java
2023.01.01 21:08:43 WARN  no build target for: /Users/abdullah/Desktop/DH.java
2023.01.01 21:21:40 INFO  shutting down Metals
